17:49:43.964 [main] DEBUG org.apache.poi.openxml4j.opc.PackageRelationshipCollection - Parsing relationship: /xl/worksheets/_rels/sheet1.xml.rels
17:49:43.977 [main] DEBUG org.apache.poi.openxml4j.opc.PackageRelationshipCollection - Parsing relationship: /_rels/.rels
17:49:44.042 [main] DEBUG org.apache.poi.openxml4j.opc.PackageRelationshipCollection - Parsing relationship: /xl/_rels/workbook.xml.rels
17:49:44.047 [main] DEBUG org.apache.poi.openxml4j.opc.PackageRelationshipCollection - Parsing relationship: /xl/worksheets/_rels/sheet1.xml.rels
17:49:44.049 [main] DEBUG org.apache.poi.openxml4j.opc.PackageRelationshipCollection - Parsing relationship: /_rels/.rels
17:49:44.145 [main] INFO  com.rims.utils.LaunchBaseClass - ***Login DDT started***
17:49:50.089 [main] INFO  com.rims.utils.LaunchBaseClass - ***Login DDT started***
17:49:51.154 [main] INFO  com.rims.utils.LaunchBaseClass - ***Login DDT started***
17:49:51.838 [main] INFO  com.rims.utils.LaunchBaseClass - ***Login DDT started***
17:49:54.816 [main] INFO  com.rims.utils.LaunchBaseClass - === Starting test: TC_001verifyInsTabInfo ===
17:49:54.819 [main] INFO  com.rims.utils.LaunchBaseClass - *** Test execution started ***
17:49:57.074 [main] INFO  com.rims.utils.LaunchBaseClass - === Starting test: clkInsTab ===
17:49:57.748 [main] INFO  com.rims.utils.LaunchBaseClass - === Starting test: TC_003CLKPendingClaimTktTab ===
17:50:00.936 [main] ERROR com.rims.utils.LaunchBaseClass - Test failed due to exception: 
org.openqa.selenium.StaleElementReferenceException: stale element reference: stale element not found in the current frame
  (Session info: chrome=137.0.7151.120)
For documentation on this error, please visit: https://selenium.dev/exceptions/#stale_element_reference
Build info: version: '4.9.0', revision: 'd7057100a6'
System info: os.name: 'Windows 10', os.arch: 'amd64', os.version: '10.0', java.version: '17.0.7'
Driver info: org.openqa.selenium.chrome.ChromeDriver
Command: [1a90dd7c81acc829fcfc25bc07158f52, clickElement {id=f.AECE0C909262B8983F5364F2E383AB32.d.27127D8ADEBA3F544BFF991A7B356242.e.109}]
Capabilities {acceptInsecureCerts: false, browserName: chrome, browserVersion: 137.0.7151.120, chrome: {chromedriverVersion: 136.0.7103.94 (fa0be0b33deb..., userDataDir: C:\Users\BLUBIR~1.DES\AppDa...}, fedcm:accounts: true, goog:chromeOptions: {debuggerAddress: localhost:54769}, networkConnectionEnabled: false, pageLoadStrategy: normal, platformName: WINDOWS, proxy: Proxy(), se:cdp: ws://localhost:54769/devtoo..., se:cdpVersion: 137.0.7151.120, setWindowRect: true, strictFileInteractability: false, timeouts: {implicit: 0, pageLoad: 300000, script: 30000}, unhandledPromptBehavior: dismiss and notify, webauthn:extension:credBlob: true, webauthn:extension:largeBlob: true, webauthn:extension:minPinLength: true, webauthn:extension:prf: true, webauthn:virtualAuthenticators: true}
Element: [[ChromeDriver: chrome on WINDOWS (1a90dd7c81acc829fcfc25bc07158f52)] -> xpath: (//div[@class='v-selection-control__wrapper'])[2]]
Session ID: 1a90dd7c81acc829fcfc25bc07158f52
	at jdk.internal.reflect.NativeConstructorAccessorImpl.newInstance0(Native Method) ~[?:?]
	at jdk.internal.reflect.NativeConstructorAccessorImpl.newInstance(NativeConstructorAccessorImpl.java:77) ~[?:?]
	at jdk.internal.reflect.DelegatingConstructorAccessorImpl.newInstance(DelegatingConstructorAccessorImpl.java:45) ~[?:?]
	at java.lang.reflect.Constructor.newInstanceWithCaller(Constructor.java:499) ~[?:?]
	at java.lang.reflect.Constructor.newInstance(Constructor.java:480) ~[?:?]
	at org.openqa.selenium.remote.codec.w3c.W3CHttpResponseCodec.createException(W3CHttpResponseCodec.java:200) ~[selenium-server-4.9.0.jar:?]
	at org.openqa.selenium.remote.codec.w3c.W3CHttpResponseCodec.decode(W3CHttpResponseCodec.java:133) ~[selenium-server-4.9.0.jar:?]
	at org.openqa.selenium.remote.codec.w3c.W3CHttpResponseCodec.decode(W3CHttpResponseCodec.java:53) ~[selenium-server-4.9.0.jar:?]
	at org.openqa.selenium.remote.HttpCommandExecutor.execute(HttpCommandExecutor.java:193) ~[selenium-server-4.9.0.jar:?]
	at org.openqa.selenium.remote.service.DriverCommandExecutor.invokeExecute(DriverCommandExecutor.java:183) ~[selenium-server-4.9.0.jar:?]
	at org.openqa.selenium.remote.service.DriverCommandExecutor.execute(DriverCommandExecutor.java:158) ~[selenium-server-4.9.0.jar:?]
	at org.openqa.selenium.remote.RemoteWebDriver.execute(RemoteWebDriver.java:543) ~[selenium-server-4.9.0.jar:?]
	at org.openqa.selenium.remote.RemoteWebElement.execute(RemoteWebElement.java:257) ~[selenium-server-4.9.0.jar:?]
	at org.openqa.selenium.remote.RemoteWebElement.click(RemoteWebElement.java:78) ~[selenium-server-4.9.0.jar:?]
	at jdk.internal.reflect.NativeMethodAccessorImpl.invoke0(Native Method) ~[?:?]
	at jdk.internal.reflect.NativeMethodAccessorImpl.invoke(NativeMethodAccessorImpl.java:77) ~[?:?]
	at jdk.internal.reflect.DelegatingMethodAccessorImpl.invoke(DelegatingMethodAccessorImpl.java:43) ~[?:?]
	at java.lang.reflect.Method.invoke(Method.java:568) ~[?:?]
	at org.openqa.selenium.support.pagefactory.internal.LocatingElementHandler.invoke(LocatingElementHandler.java:52) ~[selenium-server-4.9.0.jar:?]
	at jdk.proxy2.$Proxy34.click(Unknown Source) ~[?:?]
	at com.rims.pomrepository.InsurancePage.selectFirstRecord(InsurancePage.java:83) ~[classes/:?]
	at com.rims.testcases.InsuranceTest.TC_003CLKPendingClaimTktTab(InsuranceTest.java:62) ~[test-classes/:?]
	at jdk.internal.reflect.NativeMethodAccessorImpl.invoke0(Native Method) ~[?:?]
	at jdk.internal.reflect.NativeMethodAccessorImpl.invoke(NativeMethodAccessorImpl.java:77) ~[?:?]
	at jdk.internal.reflect.DelegatingMethodAccessorImpl.invoke(DelegatingMethodAccessorImpl.java:43) ~[?:?]
	at java.lang.reflect.Method.invoke(Method.java:568) ~[?:?]
	at org.testng.internal.invokers.MethodInvocationHelper.invokeMethod(MethodInvocationHelper.java:141) ~[org.testng_7.11.0.r202502150124.jar:7.11.0]
	at org.testng.internal.invokers.TestInvoker.invokeMethod(TestInvoker.java:687) ~[org.testng_7.11.0.r202502150124.jar:7.11.0]
	at org.testng.internal.invokers.TestInvoker.invokeTestMethod(TestInvoker.java:230) ~[org.testng_7.11.0.r202502150124.jar:7.11.0]
	at org.testng.internal.invokers.MethodRunner.runInSequence(MethodRunner.java:63) ~[org.testng_7.11.0.r202502150124.jar:7.11.0]
	at org.testng.internal.invokers.TestInvoker$MethodInvocationAgent.invoke(TestInvoker.java:995) ~[org.testng_7.11.0.r202502150124.jar:7.11.0]
	at org.testng.internal.invokers.TestInvoker.invokeTestMethods(TestInvoker.java:203) ~[org.testng_7.11.0.r202502150124.jar:7.11.0]
	at org.testng.internal.invokers.TestMethodWorker.invokeTestMethods(TestMethodWorker.java:154) ~[org.testng_7.11.0.r202502150124.jar:7.11.0]
	at org.testng.internal.invokers.TestMethodWorker.run(TestMethodWorker.java:134) ~[org.testng_7.11.0.r202502150124.jar:7.11.0]
	at java.util.ArrayList.forEach(ArrayList.java:1511) [?:?]
	at org.testng.TestRunner.privateRun(TestRunner.java:741) [org.testng_7.11.0.r202502150124.jar:7.11.0]
	at org.testng.TestRunner.run(TestRunner.java:616) [org.testng_7.11.0.r202502150124.jar:7.11.0]
	at org.testng.SuiteRunner.runTest(SuiteRunner.java:421) [org.testng_7.11.0.r202502150124.jar:7.11.0]
	at org.testng.SuiteRunner.runSequentially(SuiteRunner.java:413) [org.testng_7.11.0.r202502150124.jar:7.11.0]
	at org.testng.SuiteRunner.privateRun(SuiteRunner.java:373) [org.testng_7.11.0.r202502150124.jar:7.11.0]
	at org.testng.SuiteRunner.run(SuiteRunner.java:312) [org.testng_7.11.0.r202502150124.jar:7.11.0]
	at org.testng.SuiteRunnerWorker.runSuite(SuiteRunnerWorker.java:52) [org.testng_7.11.0.r202502150124.jar:7.11.0]
	at org.testng.SuiteRunnerWorker.run(SuiteRunnerWorker.java:95) [org.testng_7.11.0.r202502150124.jar:7.11.0]
	at org.testng.TestNG.runSuitesSequentially(TestNG.java:1274) [org.testng_7.11.0.r202502150124.jar:7.11.0]
	at org.testng.TestNG.runSuitesLocally(TestNG.java:1208) [org.testng_7.11.0.r202502150124.jar:7.11.0]
	at org.testng.TestNG.runSuites(TestNG.java:1112) [org.testng_7.11.0.r202502150124.jar:7.11.0]
	at org.testng.TestNG.run(TestNG.java:1079) [org.testng_7.11.0.r202502150124.jar:7.11.0]
	at org.testng.remote.AbstractRemoteTestNG.run(AbstractRemoteTestNG.java:115) [testng-remote.jar:?]
	at org.testng.remote.RemoteTestNG.initAndRun(RemoteTestNG.java:293) [testng-remote.jar:?]
	at org.testng.remote.RemoteTestNG.main(RemoteTestNG.java:91) [testng-remote.jar:?]
